Arguments: 
  /usr/bin/node /usr/bin/yarn add @material-ui/lab

PATH: 
  /home/vagrant/.config/composer/vendor/bin:/usr/local/sbin:/usr/local/bin:/usr/sbin:/usr/bin:/sbin:/bin:/usr/games:/usr/local/games:/snap/bin

Yarn version: 
  1.22.11

Node version: 
  14.17.5

Platform: 
  linux x64

Trace: 
  Error: https://registry.yarnpkg.com/laravel%2fui: Request "https://registry.yarnpkg.com/laravel%2fui" returned a 405
      at Request.params.callback [as _callback] (/usr/lib/node_modules/yarn/lib/cli.js:67001:18)
      at Request.self.callback (/usr/lib/node_modules/yarn/lib/cli.js:140763:22)
      at Request.emit (events.js:400:28)
      at Request.<anonymous> (/usr/lib/node_modules/yarn/lib/cli.js:141735:10)
      at Request.emit (events.js:400:28)
      at IncomingMessage.<anonymous> (/usr/lib/node_modules/yarn/lib/cli.js:141657:12)
      at Object.onceWrapper (events.js:519:28)
      at IncomingMessage.emit (events.js:412:35)
      at endReadableNT (internal/streams/readable.js:1317:12)
      at processTicksAndRejections (internal/process/task_queues.js:82:21)

npm manifest: 
  {
      "private": true,
      "scripts": {
          "dev": "npm run development",
          "development": "cross-env NODE_ENV=development node_modules/webpack/bin/webpack.js --progress --config=node_modules/laravel-mix/setup/webpack.config.js",
          "watch": "npm run development -- --watch",
          "watch-poll": "npm run watch -- --watch-poll",
          "hot": "cross-env NODE_ENV=development node_modules/webpack-dev-server/bin/webpack-dev-server.js --inline --hot --config=node_modules/laravel-mix/setup/webpack.config.js",
          "prod": "npm run production",
          "production": "cross-env NODE_ENV=production node_modules/webpack/bin/webpack.js --no-progress --config=node_modules/laravel-mix/setup/webpack.config.js"
      },
      "devDependencies": {
          "axios": "^0.19.2",
          "bootstrap": "^4.5.0",
          "cross-env": "^7.0.2",
          "fstream": "^1.0.12",
          "jquery": "^3.5.1",
          "js-yaml": "^3.14.0",
          "laravel-mix": "^5.0.4",
          "laravel/ui": "^2.0",
          "lodash": "^4.17.19",
          "lodash.mergewith": "^4.6.2",
          "mem": "^6.1.0",
          "mixin-deep": "^2.0.1",
          "node-forge": "^0.10.0",
          "npm": "^6.14.7",
          "popper.js": "^1.16.1",
          "resolve-url-loader": "^3.1.1",
          "sass": "^1.26.11",
          "sass-loader": "^10.0.2",
          "serialize-javascript": "^4.0.0",
          "set-value": "^3.0.2",
          "tar": "^6.0.2",
          "vue": "^2.6.12",
          "vue-template-compiler": "^2.6.12",
          "webpack-dev-server": "^3.11.0"
      },
      "dependencies": {
          "acorn": "^8.0.2",
          "ajv": "^6.12.3",
          "axios": "^0.19.2",
          "dot-prop": "^5.2.0",
          "elliptic": "^6.5.3",
          "fstream": "^1.0.12",
          "imagemin": "^7.0.1",
          "img-loader": "^3.0.2",
          "jquery": "^3.5.1",
          "kind-of": "^6.0.3",
          "laravel-mix": "^5.0.4",
          "laravel/ui": "^2.0",
          "lodash": "^4.17.19",
          "lodash.mergewith": "^4.6.2",
          "minimist": "^1.2.5",
          "npm": "^6.14.7",
          "tar": "^6.0.2",
          "webpack": "^4.44.1",
          "websocket-extensions": "^0.1.4"
      }
  }

yarn manifest: 
  No manifest

Lockfile: 
  No lockfile
